<?xml version="1.0" encoding="UTF-8"?>
<!-- Generated by org.testng.reporters.JUnitXMLReporter -->
<testsuite ignored="0" hostname="Swati-HP01" failures="0" tests="4" name="Default test" time="5.2" errors="0" timestamp="2023-10-10T18:18:32 CEST">
  <testcase classname="Day34.NewTest" name="LoginTest" time="1.016"/>
  <testcase classname="Day34.NewTest" name="DashboardTest" time="0.543"/>
  <testcase classname="Day34.NewTest" name="Search" time="0.001"/>
  <testcase classname="Day34.NewTest" name="Searchisdone" time="0.001"/>
</testsuite> <!-- Default test -->
