<?xml version="1.0" encoding="UTF-8"?>
<!-- Generated by org.testng.reporters.JUnitXMLReporter -->
<testsuite ignored="0" hostname="Swati-HP01" failures="0" tests="4" name="Default test" time="11.124" errors="0" timestamp="2023-10-11T10:26:36 CEST">
  <testcase classname="Day34.NewTest" name="LoginTest" time="1.56"/>
  <testcase classname="Day34.NewTest" name="DashboardTest" time="0.614"/>
  <testcase classname="Day34.NewTest" name="Search" time="0.016"/>
  <testcase classname="Day34.NewTest" name="UpdateInfo" time="3.674"/>
</testsuite> <!-- Default test -->
