<?xml version="1.0" encoding="UTF-8"?>
<!-- Generated by org.testng.reporters.JUnitXMLReporter -->
<testsuite ignored="0" hostname="Swati-HP01" failures="0" tests="4" name="Test" time="10.407" errors="0" timestamp="2023-10-12T09:00:40 CEST">
  <testcase classname="Day34.NewTest" name="LoginTest" time="1.392"/>
  <testcase classname="Day34.NewTest" name="DashboardTest" time="0.557"/>
  <testcase classname="Day34.NewTest" name="Search" time="0.007"/>
  <testcase classname="Day34.NewTest" name="UpdateInfo" time="3.16"/>
</testsuite> <!-- Test -->
