<?xml version="1.0" encoding="UTF-8"?>
<testng-results ignored="0" total="3" passed="3" failed="0" skipped="0">
  <reporter-output>
  </reporter-output>
  <suite started-at="2023-10-10T17:13:36 CEST" name="Default suite" finished-at="2023-10-10T17:13:42 CEST" duration-ms="5936">
    <groups>
    </groups>
    <test started-at="2023-10-10T17:13:36 CEST" name="Default test" finished-at="2023-10-10T17:13:42 CEST" duration-ms="5936">
      <class name="Day34.NewTest">
        <test-method is-config="true" signature="OpenApp()[pri:0, instance:Day34.NewTest@4390f46e]" started-at="2023-10-10T17:13:36 CEST" name="OpenApp" finished-at="2023-10-10T17:13:38 CEST" duration-ms="1622" status="PASS">
          <reporter-output>
          </reporter-output>
        </test-method> <!-- OpenApp -->
        <test-method signature="LoginTest()[pri:1, instance:Day34.NewTest@4390f46e]" started-at="2023-10-10T17:13:38 CEST" name="LoginTest" finished-at="2023-10-10T17:13:38 CEST" duration-ms="268" status="PASS">
          <reporter-output>
          </reporter-output>
        </test-method> <!-- LoginTest -->
        <test-method is-config="true" signature="OpenApp()[pri:0, instance:Day34.NewTest@4390f46e]" started-at="2023-10-10T17:13:38 CEST" name="OpenApp" finished-at="2023-10-10T17:13:40 CEST" duration-ms="1869" status="PASS">
          <reporter-output>
          </reporter-output>
        </test-method> <!-- OpenApp -->
        <test-method signature="DashboardTest()[pri:3, instance:Day34.NewTest@4390f46e]" started-at="2023-10-10T17:13:40 CEST" name="DashboardTest" finished-at="2023-10-10T17:13:40 CEST" duration-ms="622" status="PASS">
          <reporter-output>
          </reporter-output>
        </test-method> <!-- DashboardTest -->
        <test-method is-config="true" signature="OpenApp()[pri:0, instance:Day34.NewTest@4390f46e]" started-at="2023-10-10T17:13:40 CEST" name="OpenApp" finished-at="2023-10-10T17:13:42 CEST" duration-ms="1433" status="PASS">
          <reporter-output>
          </reporter-output>
        </test-method> <!-- OpenApp -->
        <test-method signature="Search()[pri:4, instance:Day34.NewTest@4390f46e]" started-at="2023-10-10T17:13:42 CEST" name="Search" finished-at="2023-10-10T17:13:42 CEST" duration-ms="0" status="PASS">
          <reporter-output>
          </reporter-output>
        </test-method> <!-- Search -->
        <test-method is-config="true" signature="Close()[pri:0, instance:Day34.NewTest@4390f46e]" started-at="2023-10-10T17:13:42 CEST" name="Close" finished-at="2023-10-10T17:13:42 CEST" duration-ms="95" status="PASS">
          <reporter-output>
          </reporter-output>
        </test-method> <!-- Close -->
      </class> <!-- Day34.NewTest -->
    </test> <!-- Default test -->
  </suite> <!-- Default suite -->
</testng-results>
