<?xml version="1.0" encoding="UTF-8"?>
<testng-results ignored="0" total="4" passed="4" failed="0" skipped="0">
  <reporter-output>
  </reporter-output>
  <suite started-at="2023-10-10T18:18:26 CEST" name="Default suite" finished-at="2023-10-10T18:18:32 CEST" duration-ms="5200">
    <groups>
    </groups>
    <test started-at="2023-10-10T18:18:26 CEST" name="Default test" finished-at="2023-10-10T18:18:32 CEST" duration-ms="5200">
      <class name="Day34.NewTest">
        <test-method is-config="true" signature="OpenApp()[pri:0, instance:Day34.NewTest@48c3205a]" started-at="2023-10-10T18:18:26 CEST" name="OpenApp" finished-at="2023-10-10T18:18:28 CEST" duration-ms="1210" status="PASS">
          <reporter-output>
          </reporter-output>
        </test-method> <!-- OpenApp -->
        <test-method signature="LoginTest()[pri:1, instance:Day34.NewTest@48c3205a]" started-at="2023-10-10T18:18:28 CEST" name="LoginTest" finished-at="2023-10-10T18:18:29 CEST" duration-ms="1016" status="PASS">
          <reporter-output>
          </reporter-output>
        </test-method> <!-- LoginTest -->
        <test-method is-config="true" signature="OpenApp()[pri:0, instance:Day34.NewTest@48c3205a]" started-at="2023-10-10T18:18:29 CEST" name="OpenApp" finished-at="2023-10-10T18:18:29 CEST" duration-ms="753" status="PASS">
          <reporter-output>
          </reporter-output>
        </test-method> <!-- OpenApp -->
        <test-method signature="DashboardTest()[pri:3, instance:Day34.NewTest@48c3205a]" started-at="2023-10-10T18:18:29 CEST" name="DashboardTest" finished-at="2023-10-10T18:18:30 CEST" duration-ms="543" status="PASS">
          <reporter-output>
          </reporter-output>
        </test-method> <!-- DashboardTest -->
        <test-method is-config="true" signature="OpenApp()[pri:0, instance:Day34.NewTest@48c3205a]" started-at="2023-10-10T18:18:30 CEST" name="OpenApp" finished-at="2023-10-10T18:18:31 CEST" duration-ms="1005" status="PASS">
          <reporter-output>
          </reporter-output>
        </test-method> <!-- OpenApp -->
        <test-method signature="Search()[pri:4, instance:Day34.NewTest@48c3205a]" started-at="2023-10-10T18:18:31 CEST" name="Search" finished-at="2023-10-10T18:18:31 CEST" duration-ms="1" status="PASS">
          <reporter-output>
          </reporter-output>
        </test-method> <!-- Search -->
        <test-method is-config="true" signature="OpenApp()[pri:0, instance:Day34.NewTest@48c3205a]" started-at="2023-10-10T18:18:31 CEST" name="OpenApp" finished-at="2023-10-10T18:18:31 CEST" duration-ms="524" status="PASS">
          <reporter-output>
          </reporter-output>
        </test-method> <!-- OpenApp -->
        <test-method signature="Searchisdone()[pri:4, instance:Day34.NewTest@48c3205a]" started-at="2023-10-10T18:18:31 CEST" name="Searchisdone" finished-at="2023-10-10T18:18:31 CEST" duration-ms="1" status="PASS">
          <reporter-output>
          </reporter-output>
        </test-method> <!-- Searchisdone -->
        <test-method is-config="true" signature="Close()[pri:0, instance:Day34.NewTest@48c3205a]" started-at="2023-10-10T18:18:31 CEST" name="Close" finished-at="2023-10-10T18:18:32 CEST" duration-ms="113" status="PASS">
          <reporter-output>
          </reporter-output>
        </test-method> <!-- Close -->
      </class> <!-- Day34.NewTest -->
    </test> <!-- Default test -->
  </suite> <!-- Default suite -->
</testng-results>
